<?xml version="1.0" encoding="UTF-8"?>
<!-- Generated by org.testng.reporters.JUnitReportReporter -->
<testsuite skipped="0" hostname="rd-sh05" name="testNGPackage.VerifyTitles" tests="1" failures="0" timestamp="24 Jul 2019 08:39:11 GMT" time="14.682" errors="0">
  <testcase name="verifyApplicationTitle" time="14.682" classname="testNGPackage.VerifyTitles"/>
</testsuite> <!-- testNGPackage.VerifyTitles -->
