<?xml version="1.0" encoding="UTF-8"?>
<!-- Generated by org.testng.reporters.JUnitReportReporter -->
<testsuite skipped="0" hostname="rd-sh05" name="testNGPackage.VerifyMessage2" tests="1" failures="0" timestamp="24 Jul 2019 09:17:47 GMT" time="16.735" errors="0">
  <testcase name="VerifyErrorMessageWithAttribute" time="16.735" classname="testNGPackage.VerifyMessage2"/>
</testsuite> <!-- testNGPackage.VerifyMessage2 -->
