<?xml version="1.0" encoding="UTF-8"?>
<!-- Generated by org.testng.reporters.JUnitReportReporter -->
<testsuite skipped="0" hostname="rd-sh05" name="TestNGClasses.TestCase1" tests="1" failures="0" timestamp="24 Jul 2019 10:15:48 GMT" time="0.031" errors="0">
  <testcase name="testFacebook" time="0.031" classname="TestNGClasses.TestCase1"/>
</testsuite> <!-- TestNGClasses.TestCase1 -->
