<?xml version="1.0" encoding="UTF-8"?>
<!-- Generated by org.testng.reporters.JUnitReportReporter -->
<testsuite skipped="0" hostname="rd-sh05" name="testNGPackage.VerifyMessage" tests="1" failures="0" timestamp="24 Jul 2019 08:58:45 GMT" time="18.047" errors="0">
  <testcase name="VerifyErrorMessage" time="18.047" classname="testNGPackage.VerifyMessage"/>
</testsuite> <!-- testNGPackage.VerifyMessage -->
