<?xml version="1.0" encoding="UTF-8"?>
<!-- Generated by org.testng.reporters.JUnitReportReporter -->
<testsuite skipped="0" hostname="rd-sh05" name="testNGPackage.myApplication" tests="3" failures="0" timestamp="24 Jul 2019 07:12:45 GMT" time="13.005" errors="0">
  <testcase name="logout" time="10.095" classname="testNGPackage.myApplication"/>
  <testcase name="login" time="0.563" classname="testNGPackage.myApplication"/>
  <testcase name="startApp" time="2.347" classname="testNGPackage.myApplication"/>
</testsuite> <!-- testNGPackage.myApplication -->
