<?xml version="1.0" encoding="UTF-8"?>
<!-- Generated by org.testng.reporters.JUnitReportReporter -->
<testsuite skipped="0" hostname="rd-sh05" name="TestNGClasses.TestCase2" tests="1" failures="0" timestamp="24 Jul 2019 10:15:48 GMT" time="0.000" errors="0">
  <testcase name="testTwitter" time="0.000" classname="TestNGClasses.TestCase2"/>
</testsuite> <!-- TestNGClasses.TestCase2 -->
