<?xml version="1.0" encoding="UTF-8"?>
<!-- Generated by org.testng.reporters.JUnitReportReporter -->
<testsuite skipped="0" hostname="rd-sh05" name="ListenersDemo.myFirstTestCaseWithListener" tests="1" failures="0" timestamp="24 Jul 2019 12:30:28 GMT" time="9.906" errors="0">
  <testcase name="GoogleTitleVarify" time="9.906" classname="ListenersDemo.myFirstTestCaseWithListener"/>
</testsuite> <!-- ListenersDemo.myFirstTestCaseWithListener -->
