<?xml version="1.0" encoding="UTF-8"?>
<!-- Generated by org.testng.reporters.JUnitReportReporter -->
<testsuite skipped="0" hostname="rd-sh05" name="testNGPackage.FirstTestNGScript" tests="3" failures="0" timestamp="23 Jul 2019 11:41:15 GMT" time="0.031" errors="0">
  <testcase name="loginApplication" time="0.031" classname="testNGPackage.FirstTestNGScript"/>
  <testcase name="selectItems" time="0.000" classname="testNGPackage.FirstTestNGScript"/>
  <testcase name="checkOut" time="0.000" classname="testNGPackage.FirstTestNGScript"/>
</testsuite> <!-- testNGPackage.FirstTestNGScript -->
